<?xml version="1.0" encoding="UTF-8" ?>
<testsuite tests="1" failures="0" name="UserTest" time="0.531" errors="1" skipped="0">
  <properties>
    <property name="java.runtime.name" value="Java(TM) SE Runtime Environment"/>
    <property name="sun.boot.library.path" value="/Library/Java/JavaVirtualMachines/jdk1.8.0_112.jdk/Contents/Home/jre/lib"/>
    <property name="java.vm.version" value="25.112-b16"/>
    <property name="user.country.format" value="VN"/>
    <property name="gopherProxySet" value="false"/>
    <property name="java.vm.vendor" value="Oracle Corporation"/>
    <property name="maven.multiModuleProjectDirectory" value="/Users/greenlucky/Master/DisAr/JPA2Tut"/>
    <property name="java.vendor.url" value="http://java.oracle.com/"/>
    <property name="path.separator" value=":"/>
    <property name="guice.disable.misplaced.annotation.check" value="true"/>
    <property name="java.vm.name" value="Java HotSpot(TM) 64-Bit Server VM"/>
    <property name="file.encoding.pkg" value="sun.io"/>
    <property name="user.country" value="US"/>
    <property name="sun.java.launcher" value="SUN_STANDARD"/>
    <property name="sun.os.patch.level" value="unknown"/>
    <property name="java.vm.specification.name" value="Java Virtual Machine Specification"/>
    <property name="user.dir" value="/Users/greenlucky/Master/DisAr/JPA2Tut"/>
    <property name="java.runtime.version" value="1.8.0_112-b16"/>
    <property name="java.awt.graphicsenv" value="sun.awt.CGraphicsEnvironment"/>
    <property name="java.endorsed.dirs" value="/Library/Java/JavaVirtualMachines/jdk1.8.0_112.jdk/Contents/Home/jre/lib/endorsed"/>
    <property name="os.arch" value="x86_64"/>
    <property name="java.io.tmpdir" value="/var/folders/0f/l5jhgzyx6nz2kjw355k0ltwc0000gp/T/"/>
    <property name="line.separator" value="
"/>
    <property name="java.vm.specification.vendor" value="Oracle Corporation"/>
    <property name="os.name" value="Mac OS X"/>
    <property name="classworlds.conf" value="/Users/greenlucky/Applications/apache-maven-3.3.9/bin/m2.conf"/>
    <property name="sun.jnu.encoding" value="UTF-8"/>
    <property name="java.library.path" value="/Users/greenlucky/Library/Java/Extensions:/Library/Java/Extensions:/Network/Library/Java/Extensions:/System/Library/Java/Extensions:/usr/lib/java:."/>
    <property name="java.specification.name" value="Java Platform API Specification"/>
    <property name="java.class.version" value="52.0"/>
    <property name="sun.management.compiler" value="HotSpot 64-Bit Tiered Compilers"/>
    <property name="os.version" value="10.12.2"/>
    <property name="http.nonProxyHosts" value="local|*.local|169.254/16|*.169.254/16"/>
    <property name="user.home" value="/Users/greenlucky"/>
    <property name="user.timezone" value="Asia/Ho_Chi_Minh"/>
    <property name="java.awt.printerjob" value="sun.lwawt.macosx.CPrinterJob"/>
    <property name="java.specification.version" value="1.8"/>
    <property name="file.encoding" value="UTF-8"/>
    <property name="user.name" value="greenlucky"/>
    <property name="java.class.path" value="/Users/greenlucky/Applications/apache-maven-3.3.9/boot/plexus-classworlds-2.5.2.jar"/>
    <property name="java.vm.specification.version" value="1.8"/>
    <property name="sun.arch.data.model" value="64"/>
    <property name="java.home" value="/Library/Java/JavaVirtualMachines/jdk1.8.0_112.jdk/Contents/Home/jre"/>
    <property name="sun.java.command" value="org.codehaus.plexus.classworlds.launcher.Launcher clean install"/>
    <property name="java.specification.vendor" value="Oracle Corporation"/>
    <property name="user.language" value="en"/>
    <property name="awt.toolkit" value="sun.lwawt.macosx.LWCToolkit"/>
    <property name="java.vm.info" value="mixed mode"/>
    <property name="java.version" value="1.8.0_112"/>
    <property name="java.ext.dirs" value="/Users/greenlucky/Library/Java/Extensions:/Library/Java/JavaVirtualMachines/jdk1.8.0_112.jdk/Contents/Home/jre/lib/ext:/Library/Java/Extensions:/Network/Library/Java/Extensions:/System/Library/Java/Extensions:/usr/lib/java"/>
    <property name="sun.boot.class.path" value="/Library/Java/JavaVirtualMachines/jdk1.8.0_112.jdk/Contents/Home/jre/lib/resources.jar:/Library/Java/JavaVirtualMachines/jdk1.8.0_112.jdk/Contents/Home/jre/lib/rt.jar:/Library/Java/JavaVirtualMachines/jdk1.8.0_112.jdk/Contents/Home/jre/lib/sunrsasign.jar:/Library/Java/JavaVirtualMachines/jdk1.8.0_112.jdk/Contents/Home/jre/lib/jsse.jar:/Library/Java/JavaVirtualMachines/jdk1.8.0_112.jdk/Contents/Home/jre/lib/jce.jar:/Library/Java/JavaVirtualMachines/jdk1.8.0_112.jdk/Contents/Home/jre/lib/charsets.jar:/Library/Java/JavaVirtualMachines/jdk1.8.0_112.jdk/Contents/Home/jre/lib/jfr.jar:/Library/Java/JavaVirtualMachines/jdk1.8.0_112.jdk/Contents/Home/jre/classes"/>
    <property name="java.vendor" value="Oracle Corporation"/>
    <property name="maven.home" value="/Users/greenlucky/Applications/apache-maven-3.3.9"/>
    <property name="file.separator" value="/"/>
    <property name="java.vendor.url.bug" value="http://bugreport.sun.com/bugreport/"/>
    <property name="sun.cpu.endian" value="little"/>
    <property name="sun.io.unicode.encoding" value="UnicodeBig"/>
    <property name="socksNonProxyHosts" value="local|*.local|169.254/16|*.169.254/16"/>
    <property name="ftp.nonProxyHosts" value="local|*.local|169.254/16|*.169.254/16"/>
    <property name="sun.cpu.isalist" value=""/>
  </properties>
  <testcase classname="UserTest" name="UserTest" time="0.531">
    <error message="Exception [EclipseLink-7042] (Eclipse Persistence Services - 2.5.2.v20140319-9ad6abd): org.eclipse.persistence.exceptions.ValidationException
Exception Description: Database platform class [org.eclipse.net.persistence.platform.database.H2Platform] not found.
Internal Exception: Exception [EclipseLink-3007] (Eclipse Persistence Services - 2.5.2.v20140319-9ad6abd): org.eclipse.persistence.exceptions.ConversionException
Exception Description: The object [org.eclipse.net.persistence.platform.database.H2Platform], of class [class java.lang.String], could not be converted to [class java.lang.Class].  Ensure that the class [class java.lang.Class] is on the CLASSPATH.  You may need to use alternate API passing in the appropriate class loader as required, or setting it on the default ConversionManager
Internal Exception: java.lang.ClassNotFoundException: org.eclipse.net.persistence.platform.database.H2Platform" type="javax.persistence.PersistenceException">javax.persistence.PersistenceException: Exception [EclipseLink-7042] (Eclipse Persistence Services - 2.5.2.v20140319-9ad6abd): org.eclipse.persistence.exceptions.ValidationException
Exception Description: Database platform class [org.eclipse.net.persistence.platform.database.H2Platform] not found.
Internal Exception: Exception [EclipseLink-3007] (Eclipse Persistence Services - 2.5.2.v20140319-9ad6abd): org.eclipse.persistence.exceptions.ConversionException
Exception Description: The object [org.eclipse.net.persistence.platform.database.H2Platform], of class [class java.lang.String], could not be converted to [class java.lang.Class].  Ensure that the class [class java.lang.Class] is on the CLASSPATH.  You may need to use alternate API passing in the appropriate class loader as required, or setting it on the default ConversionManager
Internal Exception: java.lang.ClassNotFoundException: org.eclipse.net.persistence.platform.database.H2Platform
	at org.eclipse.persistence.internal.jpa.EntityManagerSetupImpl.deploy(EntityManagerSetupImpl.java:766)
	at org.eclipse.persistence.internal.jpa.EntityManagerFactoryDelegate.getAbstractSession(EntityManagerFactoryDelegate.java:204)
	at org.eclipse.persistence.internal.jpa.EntityManagerFactoryDelegate.createEntityManagerImpl(EntityManagerFactoryDelegate.java:304)
	at org.eclipse.persistence.internal.jpa.EntityManagerFactoryImpl.createEntityManagerImpl(EntityManagerFactoryImpl.java:336)
	at org.eclipse.persistence.internal.jpa.EntityManagerFactoryImpl.createEntityManager(EntityManagerFactoryImpl.java:302)
	at net.persistence.GenericDao.createEntityManager(GenericDao.java:15)
	at UserTest.initEntityManager(UserTest.java:42)
	at sun.reflect.NativeMethodAccessorImpl.invoke0(Native Method)
	at sun.reflect.NativeMethodAccessorImpl.invoke(NativeMethodAccessorImpl.java:62)
	at sun.reflect.DelegatingMethodAccessorImpl.invoke(DelegatingMethodAccessorImpl.java:43)
	at java.lang.reflect.Method.invoke(Method.java:498)
	at org.junit.runners.model.FrameworkMethod$1.runReflectiveCall(FrameworkMethod.java:50)
	at org.junit.internal.runners.model.ReflectiveCallable.run(ReflectiveCallable.java:12)
	at org.junit.runners.model.FrameworkMethod.invokeExplosively(FrameworkMethod.java:47)
	at org.junit.internal.runners.statements.RunBefores.evaluate(RunBefores.java:24)
	at org.junit.internal.runners.statements.RunAfters.evaluate(RunAfters.java:27)
	at org.junit.runners.ParentRunner.run(ParentRunner.java:363)
	at org.apache.maven.surefire.junit4.JUnit4Provider.execute(JUnit4Provider.java:252)
	at org.apache.maven.surefire.junit4.JUnit4Provider.executeTestSet(JUnit4Provider.java:141)
	at org.apache.maven.surefire.junit4.JUnit4Provider.invoke(JUnit4Provider.java:112)
	at sun.reflect.NativeMethodAccessorImpl.invoke0(Native Method)
	at sun.reflect.NativeMethodAccessorImpl.invoke(NativeMethodAccessorImpl.java:62)
	at sun.reflect.DelegatingMethodAccessorImpl.invoke(DelegatingMethodAccessorImpl.java:43)
	at java.lang.reflect.Method.invoke(Method.java:498)
	at org.apache.maven.surefire.util.ReflectionUtils.invokeMethodWithArray(ReflectionUtils.java:189)
	at org.apache.maven.surefire.booter.ProviderFactory$ProviderProxy.invoke(ProviderFactory.java:165)
	at org.apache.maven.surefire.booter.ProviderFactory.invokeProvider(ProviderFactory.java:85)
	at org.apache.maven.surefire.booter.ForkedBooter.runSuitesInProcess(ForkedBooter.java:115)
	at org.apache.maven.surefire.booter.ForkedBooter.main(ForkedBooter.java:75)
Caused by: Exception [EclipseLink-7042] (Eclipse Persistence Services - 2.5.2.v20140319-9ad6abd): org.eclipse.persistence.exceptions.ValidationException
Exception Description: Database platform class [org.eclipse.net.persistence.platform.database.H2Platform] not found.
Internal Exception: Exception [EclipseLink-3007] (Eclipse Persistence Services - 2.5.2.v20140319-9ad6abd): org.eclipse.persistence.exceptions.ConversionException
Exception Description: The object [org.eclipse.net.persistence.platform.database.H2Platform], of class [class java.lang.String], could not be converted to [class java.lang.Class].  Ensure that the class [class java.lang.Class] is on the CLASSPATH.  You may need to use alternate API passing in the appropriate class loader as required, or setting it on the default ConversionManager
Internal Exception: java.lang.ClassNotFoundException: org.eclipse.net.persistence.platform.database.H2Platform
	at org.eclipse.persistence.exceptions.ValidationException.platformClassNotFound(ValidationException.java:1549)
	at org.eclipse.persistence.sessions.DatasourceLogin.setPlatformClassName(DatasourceLogin.java:515)
	at org.eclipse.persistence.sessions.DatasourceLogin.setPlatformClassName(DatasourceLogin.java:551)
	at org.eclipse.persistence.internal.jpa.EntityManagerSetupImpl.updateLogins(EntityManagerSetupImpl.java:2189)
	at org.eclipse.persistence.internal.jpa.EntityManagerSetupImpl.updateSession(EntityManagerSetupImpl.java:2575)
	at org.eclipse.persistence.internal.jpa.EntityManagerSetupImpl.deploy(EntityManagerSetupImpl.java:664)
	... 28 more
Caused by: Exception [EclipseLink-3007] (Eclipse Persistence Services - 2.5.2.v20140319-9ad6abd): org.eclipse.persistence.exceptions.ConversionException
Exception Description: The object [org.eclipse.net.persistence.platform.database.H2Platform], of class [class java.lang.String], could not be converted to [class java.lang.Class].  Ensure that the class [class java.lang.Class] is on the CLASSPATH.  You may need to use alternate API passing in the appropriate class loader as required, or setting it on the default ConversionManager
Internal Exception: java.lang.ClassNotFoundException: org.eclipse.net.persistence.platform.database.H2Platform
	at org.eclipse.persistence.exceptions.ConversionException.couldNotBeConvertedToClass(ConversionException.java:95)
	at org.eclipse.persistence.internal.helper.ConversionManager.convertObjectToClass(ConversionManager.java:446)
	at org.eclipse.persistence.internal.helper.ConversionManager.convertObject(ConversionManager.java:144)
	at org.eclipse.persistence.internal.helper.ConversionManager.loadClass(ConversionManager.java:885)
	at org.eclipse.persistence.sessions.DatasourceLogin.setPlatformClassName(DatasourceLogin.java:501)
	... 32 more
Caused by: java.lang.ClassNotFoundException: org.eclipse.net.persistence.platform.database.H2Platform
	at java.net.URLClassLoader.findClass(URLClassLoader.java:381)
	at java.lang.ClassLoader.loadClass(ClassLoader.java:424)
	at sun.misc.Launcher$AppClassLoader.loadClass(Launcher.java:331)
	at java.lang.ClassLoader.loadClass(ClassLoader.java:357)
	at java.lang.Class.forName0(Native Method)
	at java.lang.Class.forName(Class.java:348)
	at org.eclipse.persistence.internal.helper.ConversionManager.convertObjectToClass(ConversionManager.java:443)
	... 35 more
</error>
    <system-out>[EL Config]: metadata: 2017-01-04 20:30:42.424--ServerSession(1843289228)--Thread(Thread[main,5,main])--The access type for the persistent class [class net.domain.User] is set to [FIELD].
[EL Config]: metadata: 2017-01-04 20:30:42.445--ServerSession(1843289228)--Thread(Thread[main,5,main])--The alias name for the entity class [class net.domain.User] is being defaulted to: User.
[EL Config]: metadata: 2017-01-04 20:30:42.463--ServerSession(1843289228)--Thread(Thread[main,5,main])--The column name for element [added] is being defaulted to: ADDED.
[EL Config]: metadata: 2017-01-04 20:30:42.465--ServerSession(1843289228)--Thread(Thread[main,5,main])--The column name for element [id] is being defaulted to: ID.
[EL Severe]: ejb: 2017-01-04 20:30:42.486--ServerSession(1843289228)--Thread(Thread[main,5,main])--Exception [EclipseLink-7042] (Eclipse Persistence Services - 2.5.2.v20140319-9ad6abd): org.eclipse.persistence.exceptions.ValidationException
Exception Description: Database platform class [org.eclipse.net.persistence.platform.database.H2Platform] not found.
Internal Exception: Exception [EclipseLink-3007] (Eclipse Persistence Services - 2.5.2.v20140319-9ad6abd): org.eclipse.persistence.exceptions.ConversionException
Exception Description: The object [org.eclipse.net.persistence.platform.database.H2Platform], of class [class java.lang.String], could not be converted to [class java.lang.Class].  Ensure that the class [class java.lang.Class] is on the CLASSPATH.  You may need to use alternate API passing in the appropriate class loader as required, or setting it on the default ConversionManager
Internal Exception: java.lang.ClassNotFoundException: org.eclipse.net.persistence.platform.database.H2Platform
</system-out>
  </testcase>
</testsuite>